# JRE version: OpenJDK Runtime Environment (17.0.6) (build 17.0.6+0-b2043.56-10027231)
# Java VM: OpenJDK 64-Bit Server VM (17.0.6+0-b2043.56-10027231, mixed mode, tiered, compressed oops, compressed class ptrs, g1 gc, windows-amd64)
GC Precious Log:
 CPUs: 4 total, 4 available
 Memory: 7579M
 Large Page Support: Disabled
 NUMA Support: Disabled
 Compressed Oops: Enabled (32-bit)
 Heap Region Size: 1M
 Heap Min Capacity: 8M
 Heap Initial Capacity: 120M
 Heap Max Capacity: 2G
 Pre-touch: Disabled
 Parallel Workers: 4
 Concurrent Workers: 1
 Concurrent Refinement Workers: 4
 Periodic GC: Disabled
Heap:
 garbage-first heap   total 358400K, used 159732K [0x0000000080000000, 0x0000000100000000)
  region size 1024K, 37 young (37888K), 21 survivors (21504K)
 Metaspace       used 129532K, committed 130368K, reserved 1163264K
  class space    used 16987K, committed 17408K, reserved 1048576K
GC Heap History (20 events):
Event: 63.457 GC heap before
{Heap before GC invocations=52 (full 0):
 garbage-first heap   total 156672K, used 82307K [0x0000000080000000, 0x0000000100000000)
  region size 1024K, 8 young (8192K), 7 survivors (7168K)
 Metaspace       used 95476K, committed 96128K, reserved 1138688K
  class space    used 12995K, committed 13312K, reserved 1048576K
}
Event: 63.464 GC heap after
{Heap after GC invocations=53 (full 0):
 garbage-first heap   total 156672K, used 81668K [0x0000000080000000, 0x0000000100000000)
  region size 1024K, 1 young (1024K), 1 survivors (1024K)
 Metaspace       used 95476K, committed 96128K, reserved 1138688K
  class space    used 12995K, committed 13312K, reserved 1048576K
}
Event: 63.790 GC heap before
{Heap before GC invocations=53 (full 0):
 garbage-first heap   total 156672K, used 126724K [0x0000000080000000, 0x0000000100000000)
  region size 1024K, 45 young (46080K), 1 survivors (1024K)
 Metaspace       used 95871K, committed 96576K, reserved 1138688K
  class space    used 13032K, committed 13376K, reserved 1048576K
}
Event: 63.796 GC heap after
{Heap after GC invocations=54 (full 0):
 garbage-first heap   total 156672K, used 88064K [0x0000000080000000, 0x0000000100000000)
  region size 1024K, 6 young (6144K), 6 survivors (6144K)
 Metaspace       used 95871K, committed 96576K, reserved 1138688K
  class space    used 13032K, committed 13376K, reserved 1048576K
}
Event: 64.724 GC heap before
{Heap before GC invocations=55 (full 0):
 garbage-first heap   total 167936K, used 125952K [0x0000000080000000, 0x0000000100000000)
  region size 1024K, 43 young (44032K), 6 survivors (6144K)
 Metaspace       used 98992K, committed 99712K, reserved 1138688K
  class space    used 13367K, committed 13696K, reserved 1048576K
}
Event: 64.734 GC heap after
{Heap after GC invocations=56 (full 0):
 garbage-first heap   total 167936K, used 94583K [0x0000000080000000, 0x0000000100000000)
  region size 1024K, 6 young (6144K), 6 survivors (6144K)
 Metaspace       used 98992K, committed 99712K, reserved 1138688K
  class space    used 13367K, committed 13696K, reserved 1048576K
}
Event: 64.763 GC heap before
{Heap before GC invocations=56 (full 0):
 garbage-first heap   total 167936K, used 96631K [0x0000000080000000, 0x0000000100000000)
  region size 1024K, 8 young (8192K), 6 survivors (6144K)
 Metaspace       used 99028K, committed 99712K, reserved 1138688K
  class space    used 13367K, committed 13696K, reserved 1048576K
}
Event: 64.770 GC heap after
{Heap after GC invocations=57 (full 0):
 garbage-first heap   total 167936K, used 95232K [0x0000000080000000, 0x0000000100000000)
  region size 1024K, 1 young (1024K), 1 survivors (1024K)
 Metaspace       used 99028K, committed 99712K, reserved 1138688K
  class space    used 13367K, committed 13696K, reserved 1048576K
}
Event: 65.501 GC heap before
{Heap before GC invocations=57 (full 0):
 garbage-first heap   total 167936K, used 134144K [0x0000000080000000, 0x0000000100000000)
  region size 1024K, 40 young (40960K), 1 survivors (1024K)
 Metaspace       used 99728K, committed 100352K, reserved 1138688K
  class space    used 13456K, committed 13760K, reserved 1048576K
}
Event: 65.509 GC heap after
{Heap after GC invocations=58 (full 0):
 garbage-first heap   total 398336K, used 98630K [0x0000000080000000, 0x0000000100000000)
  region size 1024K, 5 young (5120K), 5 survivors (5120K)
 Metaspace       used 99728K, committed 100352K, reserved 1138688K
  class space    used 13456K, committed 13760K, reserved 1048576K
}
Event: 69.215 GC heap before
{Heap before GC invocations=59 (full 0):
 garbage-first heap   total 358400K, used 311622K [0x0000000080000000, 0x0000000100000000)
  region size 1024K, 187 young (191488K), 5 survivors (5120K)
 Metaspace       used 108323K, committed 109056K, reserved 1146880K
  class space    used 14451K, committed 14784K, reserved 1048576K
}
Event: 69.244 GC heap after
{Heap after GC invocations=60 (full 0):
 garbage-first heap   total 358400K, used 106856K [0x0000000080000000, 0x0000000100000000)
  region size 1024K, 13 young (13312K), 13 survivors (13312K)
 Metaspace       used 108323K, committed 109056K, reserved 1146880K
  class space    used 14451K, committed 14784K, reserved 1048576K
}
Event: 69.281 GC heap before
{Heap before GC invocations=60 (full 0):
 garbage-first heap   total 358400K, used 110952K [0x0000000080000000, 0x0000000100000000)
  region size 1024K, 17 young (17408K), 13 survivors (13312K)
 Metaspace       used 108338K, committed 109056K, reserved 1146880K
  class space    used 14453K, committed 14784K, reserved 1048576K
}
Event: 69.302 GC heap after
{Heap after GC invocations=61 (full 0):
 garbage-first heap   total 358400K, used 107498K [0x0000000080000000, 0x0000000100000000)
  region size 1024K, 2 young (2048K), 2 survivors (2048K)
 Metaspace       used 108338K, committed 109056K, reserved 1146880K
  class space    used 14453K, committed 14784K, reserved 1048576K
}
Event: 71.680 GC heap before
{Heap before GC invocations=61 (full 0):
 garbage-first heap   total 358400K, used 280554K [0x0000000080000000, 0x0000000100000000)
  region size 1024K, 172 young (176128K), 2 survivors (2048K)
 Metaspace       used 113500K, committed 114240K, reserved 1155072K
  class space    used 14971K, committed 15360K, reserved 1048576K
}
Event: 71.695 GC heap after
{Heap after GC invocations=62 (full 0):
 garbage-first heap   total 358400K, used 120394K [0x0000000080000000, 0x0000000100000000)
  region size 1024K, 15 young (15360K), 15 survivors (15360K)
 Metaspace       used 113500K, committed 114240K, reserved 1155072K
  class space    used 14971K, committed 15360K, reserved 1048576K
}
Event: 75.316 GC heap before
{Heap before GC invocations=62 (full 0):
 garbage-first heap   total 358400K, used 284234K [0x0000000080000000, 0x0000000100000000)
  region size 1024K, 176 young (180224K), 15 survivors (15360K)
 Metaspace       used 115162K, committed 115904K, reserved 1155072K
  class space    used 15133K, committed 15488K, reserved 1048576K
}
Event: 75.334 GC heap after
{Heap after GC invocations=63 (full 0):
 garbage-first heap   total 358400K, used 127182K [0x0000000080000000, 0x0000000100000000)
  region size 1024K, 9 young (9216K), 9 survivors (9216K)
 Metaspace       used 115162K, committed 115904K, reserved 1155072K
  class space    used 15133K, committed 15488K, reserved 1048576K
}
Event: 90.322 GC heap before
{Heap before GC invocations=63 (full 0):
 garbage-first heap   total 358400K, used 289998K [0x0000000080000000, 0x0000000100000000)
  region size 1024K, 167 young (171008K), 9 survivors (9216K)
 Metaspace       used 127725K, committed 128512K, reserved 1163264K
  class space    used 16754K, committed 17152K, reserved 1048576K
}
Event: 90.344 GC heap after
{Heap after GC invocations=64 (full 0):
 garbage-first heap   total 358400K, used 144372K [0x0000000080000000, 0x0000000100000000)
  region size 1024K, 21 young (21504K), 21 survivors (21504K)
 Metaspace       used 127725K, committed 128512K, reserved 1163264K
  class space    used 16754K, committed 17152K, reserved 1048576K
}

